0 info it worked if it ends with ok
1 verbose cli [ '/usr/local/bin/node', '/usr/local/bin/npm', 'publish' ]
2 info using npm@1.2.14
3 info using node@v0.10.0
4 verbose publish [ '.' ]
5 verbose read json /home/qawe/Desktop/node-monitor/package.json
6 verbose cache add [ '.', null ]
7 verbose cache add name=undefined spec="." args=[".",null]
8 verbose parsed url { protocol: null,
8 verbose parsed url   slashes: null,
8 verbose parsed url   auth: null,
8 verbose parsed url   host: null,
8 verbose parsed url   port: null,
8 verbose parsed url   hostname: null,
8 verbose parsed url   hash: null,
8 verbose parsed url   search: null,
8 verbose parsed url   query: null,
8 verbose parsed url   pathname: '.',
8 verbose parsed url   path: '.',
8 verbose parsed url   href: '.' }
9 silly lockFile 3a52ce78- .
10 verbose lock . /home/qawe/.npm/3a52ce78-.lock
11 verbose read json package.json
12 verbose tar pack [ '/home/qawe/tmp/npm-6774/1364031861528-0.24935217900201678/tmp.tgz',
12 verbose tar pack   '.' ]
13 verbose tarball /home/qawe/tmp/npm-6774/1364031861528-0.24935217900201678/tmp.tgz
14 verbose folder .
15 info prepublish ping-monitor@0.0.2
16 silly lockFile 3a52ce78- .
17 verbose lock . /home/qawe/.npm/3a52ce78-.lock
18 silly lockFile 6d9083ab-1528-0-24935217900201678-tmp-tgz /home/qawe/tmp/npm-6774/1364031861528-0.24935217900201678/tmp.tgz
19 verbose lock /home/qawe/tmp/npm-6774/1364031861528-0.24935217900201678/tmp.tgz /home/qawe/.npm/6d9083ab-1528-0-24935217900201678-tmp-tgz.lock
20 silly lockFile 3a52ce78- .
21 silly lockFile 3a52ce78- .
22 silly lockFile 6d9083ab-1528-0-24935217900201678-tmp-tgz /home/qawe/tmp/npm-6774/1364031861528-0.24935217900201678/tmp.tgz
23 silly lockFile 6d9083ab-1528-0-24935217900201678-tmp-tgz /home/qawe/tmp/npm-6774/1364031861528-0.24935217900201678/tmp.tgz
24 verbose tar unpack /home/qawe/tmp/npm-6774/1364031861528-0.24935217900201678/tmp.tgz
25 silly lockFile bd2638e8-1528-0-24935217900201678-package /home/qawe/tmp/npm-6774/1364031861528-0.24935217900201678/package
26 verbose lock /home/qawe/tmp/npm-6774/1364031861528-0.24935217900201678/package /home/qawe/.npm/bd2638e8-1528-0-24935217900201678-package.lock
27 silly lockFile 6d9083ab-1528-0-24935217900201678-tmp-tgz /home/qawe/tmp/npm-6774/1364031861528-0.24935217900201678/tmp.tgz
28 verbose lock /home/qawe/tmp/npm-6774/1364031861528-0.24935217900201678/tmp.tgz /home/qawe/.npm/6d9083ab-1528-0-24935217900201678-tmp-tgz.lock
29 silly gunzTarPerm modes [ '755', '644' ]
30 silly gunzTarPerm extractEntry package.json
31 silly gunzTarPerm modified mode [ 'package.json', 436, 420 ]
32 silly gunzTarPerm extractEntry .npmignore
33 silly gunzTarPerm modified mode [ '.npmignore', 436, 420 ]
34 silly gunzTarPerm extractEntry README.md
35 silly gunzTarPerm modified mode [ 'README.md', 436, 420 ]
36 silly gunzTarPerm extractEntry app.js
37 silly gunzTarPerm modified mode [ 'app.js', 436, 420 ]
38 silly gunzTarPerm extractEntry test/index.js
39 silly gunzTarPerm modified mode [ 'test/index.js', 436, 420 ]
40 silly gunzTarPerm extractEntry test/index.js~
41 silly gunzTarPerm modified mode [ 'test/index.js~', 436, 420 ]
42 silly gunzTarPerm extractEntry README.md~
43 silly gunzTarPerm modified mode [ 'README.md~', 436, 420 ]
44 silly gunzTarPerm extractEntry lib/monitor.js
45 silly gunzTarPerm modified mode [ 'lib/monitor.js', 436, 420 ]
46 silly gunzTarPerm extractEntry lib/monitor.js~
47 silly gunzTarPerm modified mode [ 'lib/monitor.js~', 436, 420 ]
48 silly gunzTarPerm extractEntry lib/ping.js~
49 silly gunzTarPerm modified mode [ 'lib/ping.js~', 436, 420 ]
50 silly gunzTarPerm extractEntry package.json~
51 silly gunzTarPerm modified mode [ 'package.json~', 436, 420 ]
52 silly gunzTarPerm extractEntry Untitled Document~
53 silly gunzTarPerm modified mode [ 'Untitled Document~', 436, 420 ]
54 silly gunzTarPerm extractEntry app.js~
55 silly gunzTarPerm modified mode [ 'app.js~', 436, 420 ]
56 verbose read json /home/qawe/tmp/npm-6774/1364031861528-0.24935217900201678/package/package.json
57 silly lockFile bd2638e8-1528-0-24935217900201678-package /home/qawe/tmp/npm-6774/1364031861528-0.24935217900201678/package
58 silly lockFile bd2638e8-1528-0-24935217900201678-package /home/qawe/tmp/npm-6774/1364031861528-0.24935217900201678/package
59 silly lockFile 6d9083ab-1528-0-24935217900201678-tmp-tgz /home/qawe/tmp/npm-6774/1364031861528-0.24935217900201678/tmp.tgz
60 silly lockFile 6d9083ab-1528-0-24935217900201678-tmp-tgz /home/qawe/tmp/npm-6774/1364031861528-0.24935217900201678/tmp.tgz
61 verbose from cache /home/qawe/tmp/npm-6774/1364031861528-0.24935217900201678/package/package.json
62 verbose tar pack [ '/home/qawe/.npm/ping-monitor/0.0.2/package.tgz',
62 verbose tar pack   '/home/qawe/tmp/npm-6774/1364031861528-0.24935217900201678/package' ]
63 verbose tarball /home/qawe/.npm/ping-monitor/0.0.2/package.tgz
64 verbose folder /home/qawe/tmp/npm-6774/1364031861528-0.24935217900201678/package
65 silly lockFile bd2638e8-1528-0-24935217900201678-package /home/qawe/tmp/npm-6774/1364031861528-0.24935217900201678/package
66 verbose lock /home/qawe/tmp/npm-6774/1364031861528-0.24935217900201678/package /home/qawe/.npm/bd2638e8-1528-0-24935217900201678-package.lock
67 silly lockFile 19c61f98-m-ping-monitor-0-0-2-package-tgz /home/qawe/.npm/ping-monitor/0.0.2/package.tgz
68 verbose lock /home/qawe/.npm/ping-monitor/0.0.2/package.tgz /home/qawe/.npm/19c61f98-m-ping-monitor-0-0-2-package-tgz.lock
69 silly lockFile bd2638e8-1528-0-24935217900201678-package /home/qawe/tmp/npm-6774/1364031861528-0.24935217900201678/package
70 silly lockFile bd2638e8-1528-0-24935217900201678-package /home/qawe/tmp/npm-6774/1364031861528-0.24935217900201678/package
71 silly lockFile 19c61f98-m-ping-monitor-0-0-2-package-tgz /home/qawe/.npm/ping-monitor/0.0.2/package.tgz
72 silly lockFile 19c61f98-m-ping-monitor-0-0-2-package-tgz /home/qawe/.npm/ping-monitor/0.0.2/package.tgz
73 silly lockFile 8c0f6a71-e-npm-ping-monitor-0-0-2-package /home/qawe/.npm/ping-monitor/0.0.2/package
74 verbose lock /home/qawe/.npm/ping-monitor/0.0.2/package /home/qawe/.npm/8c0f6a71-e-npm-ping-monitor-0-0-2-package.lock
75 silly lockFile 8c0f6a71-e-npm-ping-monitor-0-0-2-package /home/qawe/.npm/ping-monitor/0.0.2/package
76 silly lockFile 8c0f6a71-e-npm-ping-monitor-0-0-2-package /home/qawe/.npm/ping-monitor/0.0.2/package
77 verbose tar unpack /home/qawe/.npm/ping-monitor/0.0.2/package.tgz
78 silly lockFile 8c0f6a71-e-npm-ping-monitor-0-0-2-package /home/qawe/.npm/ping-monitor/0.0.2/package
79 verbose lock /home/qawe/.npm/ping-monitor/0.0.2/package /home/qawe/.npm/8c0f6a71-e-npm-ping-monitor-0-0-2-package.lock
80 silly lockFile 19c61f98-m-ping-monitor-0-0-2-package-tgz /home/qawe/.npm/ping-monitor/0.0.2/package.tgz
81 verbose lock /home/qawe/.npm/ping-monitor/0.0.2/package.tgz /home/qawe/.npm/19c61f98-m-ping-monitor-0-0-2-package-tgz.lock
82 silly gunzTarPerm modes [ '755', '644' ]
83 silly gunzTarPerm extractEntry package.json
84 silly gunzTarPerm extractEntry .npmignore
85 silly gunzTarPerm extractEntry README.md
86 silly gunzTarPerm extractEntry app.js
87 silly gunzTarPerm extractEntry README.md~
88 silly gunzTarPerm extractEntry Untitled Document~
89 silly gunzTarPerm extractEntry app.js~
90 silly gunzTarPerm extractEntry lib/monitor.js
91 silly gunzTarPerm extractEntry lib/monitor.js~
92 silly gunzTarPerm extractEntry lib/ping.js~
93 silly gunzTarPerm extractEntry package.json~
94 silly gunzTarPerm extractEntry test/index.js
95 silly gunzTarPerm extractEntry test/index.js~
96 verbose read json /home/qawe/.npm/ping-monitor/0.0.2/package/package.json
97 silly lockFile 8c0f6a71-e-npm-ping-monitor-0-0-2-package /home/qawe/.npm/ping-monitor/0.0.2/package
98 silly lockFile 8c0f6a71-e-npm-ping-monitor-0-0-2-package /home/qawe/.npm/ping-monitor/0.0.2/package
99 silly lockFile 19c61f98-m-ping-monitor-0-0-2-package-tgz /home/qawe/.npm/ping-monitor/0.0.2/package.tgz
100 silly lockFile 19c61f98-m-ping-monitor-0-0-2-package-tgz /home/qawe/.npm/ping-monitor/0.0.2/package.tgz
101 silly shasum updated bytes 4161
102 info shasum ae148d748ab12390d8ab1cb469d3f2dc663902d1
102 info shasum /home/qawe/.npm/ping-monitor/0.0.2/package.tgz
103 verbose from cache /home/qawe/.npm/ping-monitor/0.0.2/package/package.json
104 verbose chmod /home/qawe/.npm/ping-monitor/0.0.2/package.tgz 644
105 verbose chown /home/qawe/.npm/ping-monitor/0.0.2/package.tgz [ 1000, 1000 ]
106 silly lockFile 3a52ce78- .
107 silly publish { name: 'ping-monitor',
107 silly publish   version: '0.0.2',
107 silly publish   description: 'Website uptime Event Emitter',
107 silly publish   main: 'app.js',
107 silly publish   repository:
107 silly publish    { type: 'git',
107 silly publish      url: 'https://github.com/qawemlilo/node-monitor.git' },
107 silly publish   keywords: [ 'monitor', 'uptime', 'website' ],
107 silly publish   dependencies: { request: '~2.16.6' },
107 silly publish   author: { name: 'Qawelesizwe Mlilo' },
107 silly publish   license: 'MIT',
107 silly publish   engines: { node: '>= 0.10.0', npm: '>= 1.2.0' },
107 silly publish   readme: '# Website uptime Event Emitter\n\nPing-monitor (Node-monitot) is a tool for monitoring your website\'s uptime. If the website is up or down an event is emitted. This module is extracted from [Node Ping](https://github.com/qawemlilo/node-ping), an uptime app I wrote recently.\n\n# Installation\n```\nnpm install ping-monitor\n```\n\n\n# How to use\n```\nvar Monitor = require(\'ping-monitor\');\n\nvar sitex-monitor = new Monitor(options);\n\nsitex-monitor.on(event, callback(response) {\n    // Do something with the response \n});\n```\n\n\n## Options\n\n- `website` (* required) - The url of the website to be monitored.\n- `timeout` (defaults to 15) - interval for checking website availability in seconds.\n\n\n\n## Emitted Events\n\n- `up` - All is good website is up.\n- `down` - Not good, website is down.\n- `error` - Bad, http request module cannot load website.\n\n\n\n## response object\n\n- `object.website` - website being monitored.\n- `object.time` - time in milliseconds.\n- `object.responseCode` - http response code.\n- `object.responseMessage` -  http response code message.\n\n\n\n## Example\n```\nvar Monitor = require(\'ping-monitor\');\n\n\nvar sitex-monitor = new Monitor({\n    website: \'http://www.rflab.co.za\',\n    timeout: 10\n});\n\n\nsitex-monitor.on(\'error\', function (msg) {\n    console.log(msg);\n});\n\n\nsitex-monitor.on(\'up\', function (res) {\n    console.log(\'Yay!! \' + res.website + \' is up.\');\n});\n\n\nsitex-monitor.on(\'down\', function (res) {\n    console.log(\'Shit!! \' + res.website + \' is down!\');\n});\n```\n\n\n## License\n\n(MIT License)\n\nCopyright (c) 2013 Qawelesizwe Mlilo <qawemlilo@gmail.com>\n\nPermission is hereby granted, free of charge, to any person obtaining a copy of this software and associated documentation files (the \'Software\'), to deal in the Software without restriction, including without limitation the rights to use, copy, modify, merge, publish, distribute, sublicense, and/or sell copies of the Software, and to permit persons to whom the Software is furnished to do so, subject to the following conditions:\n\nThe above copyright notice and this permission notice shall be included in all copies or substantial portions of the Software.\n\nTHE SOFTWARE IS PROVIDED \'AS IS\', WITHOUT WARRANTY OF ANY KIND, EXPRESS OR IMPLIED, INCLUDING BUT NOT LIMITED TO THE WARRANTIES OF MERCHANTABILITY, FITNESS FOR A PARTICULAR PURPOSE AND NONINFRINGEMENT. IN NO EVENT SHALL THE AUTHORS OR COPYRIGHT HOLDERS BE LIABLE FOR ANY CLAIM, DAMAGES OR OTHER LIABILITY, WHETHER IN AN ACTION OF CONTRACT, TORT OR OTHERWISE, ARISING FROM, OUT OF OR IN CONNECTION WITH THE SOFTWARE OR THE USE OR OTHER DEALINGS IN THE SOFTWARE.\n\n\n\n',
107 silly publish   readmeFilename: 'README.md',
107 silly publish   _id: 'ping-monitor@0.0.2',
107 silly publish   dist: { shasum: 'ae148d748ab12390d8ab1cb469d3f2dc663902d1' },
107 silly publish   _from: '.' }
108 verbose url raw ping-monitor
109 verbose url resolving [ 'https://registry.npmjs.org/', './ping-monitor' ]
110 verbose url resolved https://registry.npmjs.org/ping-monitor
111 info trying registry request attempt 1 at 11:44:32
112 http PUT https://registry.npmjs.org/ping-monitor
113 http 409 https://registry.npmjs.org/ping-monitor
114 verbose url raw ping-monitor
115 verbose url resolving [ 'https://registry.npmjs.org/', './ping-monitor' ]
116 verbose url resolved https://registry.npmjs.org/ping-monitor
117 info trying registry request attempt 1 at 11:44:41
118 http GET https://registry.npmjs.org/ping-monitor
119 http 200 https://registry.npmjs.org/ping-monitor
120 error publish fail Cannot publish over existing version.
120 error publish fail Update the 'version' field in package.json and try again.
120 error publish fail
120 error publish fail If the previous version was published in error, see:
120 error publish fail     npm help unpublish
120 error publish fail
120 error publish fail To automatically increment version numbers, see:
120 error publish fail     npm help version
121 error System Linux 3.0.0-32-generic
122 error command "/usr/local/bin/node" "/usr/local/bin/npm" "publish"
123 error cwd /home/qawe/Desktop/node-monitor
124 error node -v v0.10.0
125 error npm -v 1.2.14
126 error code EPUBLISHCONFLICT
127 verbose exit [ 1, true ]
